#
# A fatal error has been detected by the Java Runtime Environment:
#
#  EXCEPTION_ACCESS_VIOLATION (0xc0000005) at pc=0x00007ffaf342d77d, pid=2736, tid=0x00000000000071d4
#
# JRE version: Java(TM) SE Runtime Environment (8.0_291-b10) (build 1.8.0_291-b10)
# Java VM: Java HotSpot(TM) 64-Bit Server VM (25.291-b10 mixed mode windows-amd64 compressed oops)
# Problematic frame:
# C  [msctfuimanager.dll+0xd77d]
#
# Failed to write core dump. Minidumps are not enabled by default on client versions of Windows
#
# If you would like to submit a bug report, please visit:
#   http://bugreport.java.com/bugreport/crash.jsp
# The crash happened outside the Java Virtual Machine in native code.
# See problematic frame for where to report the bug.
#

---------------  T H R E A D  ---------------

Current thread (0x0000020cac10d000):  JavaThread "AWT-Windows" daemon [_thread_in_native, id=29140, stack(0x0000003eccb00000,0x0000003eccc00000)]

siginfo: ExceptionCode=0xc0000005, reading address 0x000000030000001a

Registers:
RAX=0x0000000300000002, RBX=0x0000020cabc504a0, RCX=0x0000020cb00cb1f0, RDX=0x0000003eccbfd630
RSP=0x0000003eccbfd5d0, RBP=0x0000003eccbfd610, RSI=0x0000020cb00cb1f0, RDI=0x0000003eccbfdb28
R8 =0x0000003eccbfd488, R9 =0x0000003eccbfd4f0, R10=0x0000000000000000, R11=0x0000000000000246
R12=0x0000000000000100, R13=0x0000020cad6ba848, R14=0x0000000000000000, R15=0x0000020cb00cb1f0
RIP=0x00007ffaf342d77d, EFLAGS=0x0000000000010246

Top of Stack: (sp=0x0000003eccbfd5d0)
0x0000003eccbfd5d0:   0000000700000e65 0000000000000000
0x0000003eccbfd5e0:   0000020cabc92f04 0000001700000000
0x0000003eccbfd5f0:   0000d75000000000 0000d7501f8722ac
0x0000003eccbfd600:   0000000000000000 0000003eccbfdb28
0x0000003eccbfd610:   0000003eccbfdb28 0000020cabc504a0
0x0000003eccbfd620:   0000003eccbfd730 00007ffaf342cc75
0x0000003eccbfd630:   0000020c00000000 0000000000000000
0x0000003eccbfd640:   0000020cabc504a0 0000003eccbfdb38
0x0000003eccbfd650:   0000000000000000 0000000000000000
0x0000003eccbfd660:   0000000000310980 0000020c8e671e40
0x0000003eccbfd670:   0000000000000000 00007ffb14efb12a
0x0000003eccbfd680:   0000000000000282 0000000000000804
0x0000003eccbfd690:   0000000000000018 0000003eccbfdb28
0x0000003eccbfd6a0:   00007ffaf34782c0 0000020cb00cb1f0
0x0000003eccbfd6b0:   0000000000000e65 0000000000000007
0x0000003eccbfd6c0:   0000000000000001 0000020cabc92f04 

Instructions: (pc=0x00007ffaf342d77d)
0x00007ffaf342d75d:   09 00 00 44 8b cb e8 5c 5c ff ff 8b c3 e9 3b 01
0x00007ffaf342d76d:   00 00 48 8b 02 48 8b ce 83 65 20 00 48 8d 55 20
0x00007ffaf342d77d:   48 8b 40 18 ff 15 a1 52 04 00 8b f8 85 c0 79 1d
0x00007ffaf342d78d:   48 8b 4d 18 4c 8d 05 d8 72 04 00 44 8b c8 ba ae 


Register to memory mapping:

RAX=0x0000000300000002 is an unknown value
RBX=0x0000020cabc504a0 is an unknown value
RCX=0x0000020cb00cb1f0 is an unknown value
RDX=0x0000003eccbfd630 is pointing into the stack for thread: 0x0000020cac10d000
RSP=0x0000003eccbfd5d0 is pointing into the stack for thread: 0x0000020cac10d000
RBP=0x0000003eccbfd610 is pointing into the stack for thread: 0x0000020cac10d000
RSI=0x0000020cb00cb1f0 is an unknown value
RDI=0x0000003eccbfdb28 is pointing into the stack for thread: 0x0000020cac10d000
R8 =0x0000003eccbfd488 is pointing into the stack for thread: 0x0000020cac10d000
R9 =0x0000003eccbfd4f0 is pointing into the stack for thread: 0x0000020cac10d000
R10=0x0000000000000000 is an unknown value
R11=0x0000000000000246 is an unknown value
R12=0x0000000000000100 is an unknown value
R13=0x0000020cad6ba848 is an unknown value
R14=0x0000000000000000 is an unknown value
R15=0x0000020cb00cb1f0 is an unknown value


Stack: [0x0000003eccb00000,0x0000003eccc00000],  sp=0x0000003eccbfd5d0,  free space=1013k
Native frames: (J=compiled Java code, j=interpreted, Vv=VM code, C=native code)
C  [msctfuimanager.dll+0xd77d]
C  [msctfuimanager.dll+0xcc75]
C  [msctfuimanager.dll+0xdf5b]
C  [msctfuimanager.dll+0x59aa]
C  [MSCTF.dll+0x8df3a]
C  [MSCTF.dll+0x88108]
C  [MSCTF.dll+0x8bf8e]
C  [MSCTF.dll+0x736e4]
C  [MSCTF.dll+0x4d336]
C  [MSCTF.dll+0x57ab0]
C  [USER32.dll+0xe858]
C  [USER32.dll+0xe299]
C  [MSCTF.dll+0x1090e]
C  [MSCTF.dll+0x6ea3e]
C  [MSCTF.dll+0x6e848]
C  [MSCTF.dll+0x73cb3]
C  [MSCTF.dll+0x8c9e8]
C  [MSCTF.dll+0x87fc4]
C  [textinputframework.dll+0xae23]
C  [textinputframework.dll+0xad1d]
C  [textinputframework.dll+0x4f91a]
C  [textinputframework.dll+0x1ba29]
C  [MSCTF.dll+0x39cd4]
C  [textinputframework.dll+0x37688]
C  [textinputframework.dll+0xb41d]
C  [MSCTF.dll+0x9007e]
C  [MSCTF.dll+0x8bdf1]
C  [MSCTF.dll+0x736e4]
C  [MSCTF.dll+0x4d361]
C  [MSCTF.dll+0x57ab0]
C  [USER32.dll+0xe858]
C  [USER32.dll+0xe299]
C  [awt.dll+0xcae05]
C  [awt.dll+0xcce8b]
C  0x0000020c8fa19f4e

Java frames: (J=compiled Java code, j=interpreted, Vv=VM code)
j  sun.awt.windows.WToolkit.eventLoop()V+0
j  sun.awt.windows.WToolkit.run()V+58
j  java.lang.Thread.run()V+11
v  ~StubRoutines::call_stub

---------------  P R O C E S S  ---------------

Java Threads: ( => current thread )
  0x0000020cac472800 JavaThread "TimerQueue" daemon [_thread_blocked, id=29956, stack(0x0000003ecd000000,0x0000003ecd100000)]
  0x0000020c8df37000 JavaThread "DestroyJavaVM" [_thread_blocked, id=18984, stack(0x0000003eca700000,0x0000003eca800000)]
  0x0000020cac15d800 JavaThread "AWT-EventQueue-0" [_thread_in_native, id=15148, stack(0x0000003eccc00000,0x0000003eccd00000)]
=>0x0000020cac10d000 JavaThread "AWT-Windows" daemon [_thread_in_native, id=29140, stack(0x0000003eccb00000,0x0000003eccc00000)]
  0x0000020cac109800 JavaThread "AWT-Shutdown" [_thread_blocked, id=7040, stack(0x0000003ecca00000,0x0000003eccb00000)]
  0x0000020cac102000 JavaThread "Java2D Disposer" daemon [_thread_blocked, id=18552, stack(0x0000003ecc900000,0x0000003ecca00000)]
  0x0000020cab97b800 JavaThread "Service Thread" daemon [_thread_blocked, id=13188, stack(0x0000003ecc700000,0x0000003ecc800000)]
  0x0000020cab898800 JavaThread "C1 CompilerThread11" daemon [_thread_blocked, id=28736, stack(0x0000003ecc600000,0x0000003ecc700000)]
  0x0000020cab897800 JavaThread "C1 CompilerThread10" daemon [_thread_blocked, id=18248, stack(0x0000003ecc500000,0x0000003ecc600000)]
  0x0000020cab893000 JavaThread "C1 CompilerThread9" daemon [_thread_blocked, id=9380, stack(0x0000003ecc400000,0x0000003ecc500000)]
  0x0000020cab892800 JavaThread "C1 CompilerThread8" daemon [_thread_blocked, id=30328, stack(0x0000003ecc300000,0x0000003ecc400000)]
  0x0000020cab897000 JavaThread "C2 CompilerThread7" daemon [_thread_blocked, id=13600, stack(0x0000003ecc200000,0x0000003ecc300000)]
  0x0000020cab891800 JavaThread "C2 CompilerThread6" daemon [_thread_blocked, id=4900, stack(0x0000003ecc100000,0x0000003ecc200000)]
  0x0000020cab895800 JavaThread "C2 CompilerThread5" daemon [_thread_blocked, id=28056, stack(0x0000003ecc000000,0x0000003ecc100000)]
  0x0000020cab894000 JavaThread "C2 CompilerThread4" daemon [_thread_blocked, id=31996, stack(0x0000003ecbf00000,0x0000003ecc000000)]
  0x0000020cab894800 JavaThread "C2 CompilerThread3" daemon [_thread_blocked, id=12620, stack(0x0000003ecbe00000,0x0000003ecbf00000)]
  0x0000020cab896000 JavaThread "C2 CompilerThread2" daemon [_thread_blocked, id=12464, stack(0x0000003ecbd00000,0x0000003ecbe00000)]
  0x0000020cab88f800 JavaThread "C2 CompilerThread1" daemon [_thread_blocked, id=15432, stack(0x0000003ecbc00000,0x0000003ecbd00000)]
  0x0000020cab88d800 JavaThread "C2 CompilerThread0" daemon [_thread_blocked, id=28980, stack(0x0000003ecbb00000,0x0000003ecbc00000)]
  0x0000020cab877000 JavaThread "Monitor Ctrl-Break" daemon [_thread_in_native, id=10440, stack(0x0000003ecba00000,0x0000003ecbb00000)]
  0x0000020cab7d4000 JavaThread "Attach Listener" daemon [_thread_blocked, id=30132, stack(0x0000003ecb900000,0x0000003ecba00000)]
  0x0000020cab7d1800 JavaThread "Signal Dispatcher" daemon [_thread_blocked, id=14416, stack(0x0000003ecb800000,0x0000003ecb900000)]
  0x0000020cab7a1800 JavaThread "Finalizer" daemon [_thread_blocked, id=3912, stack(0x0000003ecb700000,0x0000003ecb800000)]
  0x0000020cab7a0800 JavaThread "Reference Handler" daemon [_thread_blocked, id=21664, stack(0x0000003ecb600000,0x0000003ecb700000)]

Other Threads:
  0x0000020ca8ab7800 VMThread [stack: 0x0000003ecb500000,0x0000003ecb600000] [id=24808]
  0x0000020cab9aa800 WatcherThread [stack: 0x0000003ecc800000,0x0000003ecc900000] [id=29020]

VM state:not at safepoint (normal execution)

VM Mutex/Monitor currently owned by a thread: None

heap address: 0x00000006c4000000, size: 4032 MB, Compressed Oops mode: Zero based, Oop shift amount: 3
Narrow klass base: 0x0000000000000000, Narrow klass shift: 3
Compressed class space size: 1073741824 Address: 0x00000007c0000000

Heap:
 PSYoungGen      total 75264K, used 46365K [0x000000076c000000, 0x0000000771400000, 0x00000007c0000000)
  eden space 64512K, 71% used [0x000000076c000000,0x000000076ed47558,0x000000076ff00000)
  from space 10752K, 0% used [0x0000000770980000,0x0000000770980000,0x0000000771400000)
  to   space 10752K, 0% used [0x000000076ff00000,0x000000076ff00000,0x0000000770980000)
 ParOldGen       total 172032K, used 0K [0x00000006c4000000, 0x00000006ce800000, 0x000000076c000000)
  object space 172032K, 0% used [0x00000006c4000000,0x00000006c4000000,0x00000006ce800000)
 Metaspace       used 12301K, capacity 12472K, committed 12672K, reserved 1060864K
  class space    used 1481K, capacity 1553K, committed 1664K, reserved 1048576K

Card table byte_map: [0x0000020c9edc0000,0x0000020c9f5b0000] byte_map_base: 0x0000020c9b7a0000

Marking Bits: (ParMarkBitMap*) 0x0000000072b77fe0
 Begin Bits: [0x0000020c9faf0000, 0x0000020ca39f0000)
 End Bits:   [0x0000020ca39f0000, 0x0000020ca78f0000)

Polling page: 0x0000020c8ded0000

CodeCache: size=245760Kb used=6936Kb max_used=6939Kb free=238823Kb
 bounds [0x0000020c8fa00000, 0x0000020c900d0000, 0x0000020c9ea00000]
 total_blobs=1927 nmethods=1428 adapters=408
 compilation: enabled

Compilation events (10 events):
Event: 351.086 Thread 0x0000020cab893000 nmethod 1423 0x0000020c900c1650 code [0x0000020c900c17a0, 0x0000020c900c18b8]
Event: 351.087 Thread 0x0000020cab892800 nmethod 1424 0x0000020c900bf550 code [0x0000020c900bf760, 0x0000020c900c03c0]
Event: 351.087 Thread 0x0000020cab894000 1425       4       java.awt.KeyboardFocusManager::getCurrentKeyboardFocusManager (7 bytes)
Event: 351.088 Thread 0x0000020cab898800 1426       3       java.beans.PropertyChangeSupport::firePropertyChange (81 bytes)
Event: 351.088 Thread 0x0000020cab894000 nmethod 1425 0x0000020c900c0f10 code [0x0000020c900c1080, 0x0000020c900c1448]
Event: 351.089 Thread 0x0000020cab898800 nmethod 1426 0x0000020c900c8d90 code [0x0000020c900c8fc0, 0x0000020c900c9f70]
Event: 351.095 Thread 0x0000020cab897800 1427       3       java.awt.Container::proxyEnableEvents (44 bytes)
Event: 351.095 Thread 0x0000020cab897800 nmethod 1427 0x0000020c900bee10 code [0x0000020c900befa0, 0x0000020c900bf430]
Event: 351.097 Thread 0x0000020cab893000 1428       1       java.awt.image.ColorModel::getPixelSize (5 bytes)
Event: 351.097 Thread 0x0000020cab893000 nmethod 1428 0x0000020c900c8ad0 code [0x0000020c900c8c20, 0x0000020c900c8d38]

GC Heap History (0 events):
No events

Deoptimization events (10 events):
Event: 339.009 Thread 0x0000020cac15d800 Uncommon trap: reason=bimorphic action=maybe_recompile pc=0x0000020c8fff250c method=java.awt.EventQueue.setCurrentEventAndMostRecentTimeImpl(Ljava/awt/AWTEvent;)V @ 142
Event: 346.023 Thread 0x0000020cac15d800 Uncommon trap: reason=unstable_if action=reinterpret pc=0x0000020c9003c57c method=sun.awt.windows.WToolkit.showOrHideTouchKeyboard(Ljava/awt/Component;Ljava/awt/AWTEvent;)V @ 42
Event: 346.180 Thread 0x0000020cac15d800 Uncommon trap: reason=unstable_if action=reinterpret pc=0x0000020c8fff1028 method=java.awt.EventQueue.setCurrentEventAndMostRecentTimeImpl(Ljava/awt/AWTEvent;)V @ 87
Event: 346.199 Thread 0x0000020cac15d800 Uncommon trap: reason=unstable_if action=reinterpret pc=0x0000020c8ffaed0c method=java.util.IdentityHashMap.get(Ljava/lang/Object;)Ljava/lang/Object; @ 43
Event: 347.665 Thread 0x0000020cac10d000 Uncommon trap: reason=unstable_if action=reinterpret pc=0x0000020c8ffb3f04 method=java.util.IdentityHashMap.get(Ljava/lang/Object;)Ljava/lang/Object; @ 43
Event: 347.665 Thread 0x0000020cac10d000 Uncommon trap: reason=unstable_if action=reinterpret pc=0x0000020c8ffb90c4 method=java.util.IdentityHashMap.get(Ljava/lang/Object;)Ljava/lang/Object; @ 43
Event: 347.926 Thread 0x0000020cac15d800 Uncommon trap: reason=unstable_if action=reinterpret pc=0x0000020c8ffece80 method=java.awt.EventQueue.uncacheEQItem(Lsun/awt/EventQueueItem;)V @ 23
Event: 347.926 Thread 0x0000020cac15d800 Uncommon trap: reason=bimorphic action=maybe_recompile pc=0x0000020c8fff250c method=java.awt.EventQueue.setCurrentEventAndMostRecentTimeImpl(Ljava/awt/AWTEvent;)V @ 142
Event: 348.930 Thread 0x0000020cac10d000 Uncommon trap: reason=class_check action=maybe_recompile pc=0x0000020c8ffc9350 method=sun.awt.SunToolkit.postEvent(Lsun/awt/AppContext;Ljava/awt/AWTEvent;)V @ 72
Event: 348.937 Thread 0x0000020cac15d800 Uncommon trap: reason=bimorphic action=maybe_recompile pc=0x0000020c8fff250c method=java.awt.EventQueue.setCurrentEventAndMostRecentTimeImpl(Ljava/awt/AWTEvent;)V @ 142

Classes redefined (0 events):
No events

Internal exceptions (10 events):
Event: 0.094 Thread 0x0000020c8df37000 Exception <a 'java/security/PrivilegedActionException'> (0x000000076c34f1b8) thrown at [C:\jenkins\workspace\8-2-build-windows-amd64-cygwin\jdk8u291\1294\hotspot\src\share\vm\prims\jvm.cpp, line 1523]
Event: 0.097 Thread 0x0000020c8df37000 Exception <a 'java/io/FileNotFoundException'> (0x000000076c363750) thrown at [C:\jenkins\workspace\8-2-build-windows-amd64-cygwin\jdk8u291\1294\hotspot\src\share\vm\prims\jni.cpp, line 710]
Event: 0.116 Thread 0x0000020c8df37000 Exception <a 'java/lang/NoSuchFieldError': method resolution failed> (0x000000076c85ac68) thrown at [C:\jenkins\workspace\8-2-build-windows-amd64-cygwin\jdk8u291\1294\hotspot\src\share\vm\prims\methodHandles.cpp, line 1169]
Event: 0.117 Thread 0x0000020c8df37000 Exception <a 'java/lang/NoSuchFieldError': method resolution failed> (0x000000076c868ab0) thrown at [C:\jenkins\workspace\8-2-build-windows-amd64-cygwin\jdk8u291\1294\hotspot\src\share\vm\prims\methodHandles.cpp, line 1169]
Event: 0.137 Thread 0x0000020c8df37000 Exception <a 'java/io/FileNotFoundException'> (0x000000076cb07b28) thrown at [C:\jenkins\workspace\8-2-build-windows-amd64-cygwin\jdk8u291\1294\hotspot\src\share\vm\prims\jni.cpp, line 710]
Event: 0.234 Thread 0x0000020c8df37000 Implicit null exception at 0x0000020c8fd52e9c to 0x0000020c8fd5307d
Event: 0.256 Thread 0x0000020c8df37000 Exception <a 'java/io/FileNotFoundException'> (0x000000076ce61a00) thrown at [C:\jenkins\workspace\8-2-build-windows-amd64-cygwin\jdk8u291\1294\hotspot\src\share\vm\prims\jni.cpp, line 710]
Event: 0.256 Thread 0x0000020c8df37000 Exception <a 'java/lang/NullPointerException'> (0x000000076ce62038) thrown at [C:\jenkins\workspace\8-2-build-windows-amd64-cygwin\jdk8u291\1294\hotspot\src\share\vm\interpreter\linkResolver.cpp, line 1185]
Event: 0.998 Thread 0x0000020cac10d000 Implicit null exception at 0x0000020c8fe64640 to 0x0000020c8fe646c1
Event: 339.001 Thread 0x0000020cac15d800 Implicit null exception at 0x0000020c8ffaf0ed to 0x0000020c8ffaf427

Events (10 events):
Event: 351.070 Executing VM operation: RevokeBias
Event: 351.070 Executing VM operation: RevokeBias done
Event: 351.070 Executing VM operation: RevokeBias
Event: 351.070 Executing VM operation: RevokeBias done
Event: 351.070 Executing VM operation: RevokeBias
Event: 351.070 Executing VM operation: RevokeBias done
Event: 351.072 Executing VM operation: RevokeBias
Event: 351.072 Executing VM operation: RevokeBias done
Event: 351.074 Executing VM operation: RevokeBias
Event: 351.074 Executing VM operation: RevokeBias done


Dynamic libraries:
0x00007ff689020000 - 0x00007ff689067000 	D:\Java\jdk1.8.0_291\bin\java.exe
0x00007ffb16510000 - 0x00007ffb16708000 	C:\WINDOWS\SYSTEM32\ntdll.dll
0x00007ffb15210000 - 0x00007ffb152cf000 	C:\WINDOWS\System32\KERNEL32.DLL
0x00007ffb13d10000 - 0x00007ffb13fe2000 	C:\WINDOWS\System32\KERNELBASE.dll
0x00007ffb0d4e0000 - 0x00007ffb0d571000 	C:\WINDOWS\SYSTEM32\apphelp.dll
0x00007ffb14a10000 - 0x00007ffb14abe000 	C:\WINDOWS\System32\ADVAPI32.dll
0x00007ffb152e0000 - 0x00007ffb1537e000 	C:\WINDOWS\System32\msvcrt.dll
0x00007ffb163b0000 - 0x00007ffb1644c000 	C:\WINDOWS\System32\sechost.dll
0x00007ffb148e0000 - 0x00007ffb14a05000 	C:\WINDOWS\System32\RPCRT4.dll
0x00007ffb14ef0000 - 0x00007ffb1508d000 	C:\WINDOWS\System32\USER32.dll
0x00007ffb142c0000 - 0x00007ffb142e2000 	C:\WINDOWS\System32\win32u.dll
0x00007ffb15a20000 - 0x00007ffb15a4b000 	C:\WINDOWS\System32\GDI32.dll
0x00007ffb141b0000 - 0x00007ffb142bf000 	C:\WINDOWS\System32\gdi32full.dll
0x00007ffb13ff0000 - 0x00007ffb1408d000 	C:\WINDOWS\System32\msvcp_win.dll
0x00007ffb13c10000 - 0x00007ffb13d10000 	C:\WINDOWS\System32\ucrtbase.dll
0x00007ffafaa80000 - 0x00007ffafad1a000 	C:\WINDOWS\WinSxS\amd64_microsoft.windows.common-controls_6595b64144ccf1df_6.0.19041.1110_none_60b5254171f9507e\COMCTL32.dll
0x00007ffb15090000 - 0x00007ffb150c2000 	C:\WINDOWS\System32\IMM32.DLL
0x00007ffb0b8e0000 - 0x00007ffb0b8f5000 	D:\Java\jdk1.8.0_291\jre\bin\vcruntime140.dll
0x00007ffaf97f0000 - 0x00007ffaf988b000 	D:\Java\jdk1.8.0_291\jre\bin\msvcp140.dll
0x0000000072390000 - 0x0000000072bf0000 	D:\Java\jdk1.8.0_291\jre\bin\server\jvm.dll
0x00007ffb150d0000 - 0x00007ffb150d8000 	C:\WINDOWS\System32\PSAPI.DLL
0x00007ffaf45f0000 - 0x00007ffaf45f9000 	C:\WINDOWS\SYSTEM32\WSOCK32.dll
0x00007ffafc5c0000 - 0x00007ffafc5e7000 	C:\WINDOWS\SYSTEM32\WINMM.dll
0x00007ffb075a0000 - 0x00007ffb075aa000 	C:\WINDOWS\SYSTEM32\VERSION.dll
0x00007ffb14e80000 - 0x00007ffb14eeb000 	C:\WINDOWS\System32\WS2_32.dll
0x00007ffb12460000 - 0x00007ffb12472000 	C:\WINDOWS\SYSTEM32\kernel.appcore.dll
0x00007ffb0ce40000 - 0x00007ffb0ce50000 	D:\Java\jdk1.8.0_291\jre\bin\verify.dll
0x00007ffafce30000 - 0x00007ffafce5b000 	D:\Java\jdk1.8.0_291\jre\bin\java.dll
0x00007ffafaf30000 - 0x00007ffafaf60000 	D:\Java\jdk1.8.0_291\jre\bin\instrument.dll
0x00007ffafc9c0000 - 0x00007ffafc9d8000 	D:\Java\jdk1.8.0_291\jre\bin\zip.dll
0x00007ffb15ab0000 - 0x00007ffb161f3000 	C:\WINDOWS\System32\SHELL32.dll
0x00007ffb118f0000 - 0x00007ffb12082000 	C:\WINDOWS\SYSTEM32\windows.storage.dll
0x00007ffb14b20000 - 0x00007ffb14e74000 	C:\WINDOWS\System32\combase.dll
0x00007ffb13670000 - 0x00007ffb136a0000 	C:\WINDOWS\SYSTEM32\Wldp.dll
0x00007ffb14560000 - 0x00007ffb1460d000 	C:\WINDOWS\System32\SHCORE.dll
0x00007ffb16450000 - 0x00007ffb164a5000 	C:\WINDOWS\System32\shlwapi.dll
0x00007ffb13b50000 - 0x00007ffb13b6f000 	C:\WINDOWS\SYSTEM32\profapi.dll
0x00007ffafb630000 - 0x00007ffafb64a000 	D:\IntelliJ IDEA\IntelliJ IDEA 2021.1.3\bin\breakgen64.dll
0x00007ffafaf10000 - 0x00007ffafaf2c000 	D:\Java\jdk1.8.0_291\jre\bin\net.dll
0x00007ffb03d30000 - 0x00007ffb03d50000 	C:\WINDOWS\system32\PrxerDrv.dll
0x00007ffb133d0000 - 0x00007ffb1343a000 	C:\WINDOWS\system32\mswsock.dll
0x00007ffacab70000 - 0x00007ffacad05000 	D:\Java\jdk1.8.0_291\jre\bin\awt.dll
0x00007ffb14760000 - 0x00007ffb1482d000 	C:\WINDOWS\System32\OLEAUT32.dll
0x00007ffb11320000 - 0x00007ffb1134f000 	C:\WINDOWS\system32\DWMAPI.DLL
0x00007ffb0d5e0000 - 0x00007ffb0d67e000 	C:\WINDOWS\system32\uxtheme.dll
0x00007ffae4090000 - 0x00007ffae41b5000 	C:\WINDOWS\system32\opengl32.dll
0x00007ffafd970000 - 0x00007ffafd99c000 	C:\WINDOWS\SYSTEM32\GLU32.dll
0x00007ffac97d0000 - 0x00007ffac98cc000 	C:\ProgramData\A-Volute\DellInc.AlienwareSoundCenter\Modules\ScheduledModules\x64\DellInc.AlienwareSoundCenterDevProps2.dll
0x00007ffb150e0000 - 0x00007ffb1520a000 	C:\WINDOWS\System32\ole32.dll
0x00007ffad7480000 - 0x00007ffad752d000 	C:\ProgramData\A-Volute\DellInc.AlienwareSoundCenter\Modules\ScheduledModules\x64\NahimicOSD.dll
0x00007ffad78f0000 - 0x00007ffad7911000 	C:\ProgramData\A-Volute\DellInc.AlienwareSoundCenter\Modules\ScheduledModules\x64\ProductInfo.dll
0x00007ffb15900000 - 0x00007ffb15a15000 	C:\WINDOWS\System32\MSCTF.dll
0x00007ffb144a0000 - 0x00007ffb14522000 	C:\WINDOWS\System32\bcryptPrimitives.dll
0x0000000180000000 - 0x0000000180042000 	C:\WINDOWS\LVUAAgentInstBaseRoot\system32\OverlordSpear.dll
0x00007ffacf790000 - 0x00007ffacf7f9000 	C:\WINDOWS\LVUAAgentInstBaseRoot\system32\Vozokopot.dll
0x00007ffacce60000 - 0x00007ffacd449000 	C:\WINDOWS\LVUAAgentInstBaseRoot\system32\MozartBreathCore.dll
0x00007ffb14680000 - 0x00007ffb1475a000 	C:\WINDOWS\System32\COMDLG32.dll
0x00007ffb0b800000 - 0x00007ffb0b814000 	C:\WINDOWS\SYSTEM32\WTSAPI32.dll
0x00007ffaf9160000 - 0x00007ffaf9179000 	C:\WINDOWS\SYSTEM32\NETAPI32.dll
0x00007ffb13070000 - 0x00007ffb130ab000 	C:\WINDOWS\SYSTEM32\IPHLPAPI.DLL
0x00007ffaf8ce0000 - 0x00007ffaf8cfd000 	C:\WINDOWS\SYSTEM32\MPR.dll
0x00007ffb130c0000 - 0x00007ffb1318a000 	C:\WINDOWS\SYSTEM32\DNSAPI.dll
0x00007ffafa9e0000 - 0x00007ffafaa78000 	C:\WINDOWS\SYSTEM32\WINSPOOL.DRV
0x00007ffaf9120000 - 0x00007ffaf9139000 	C:\WINDOWS\SYSTEM32\SAMCLI.DLL
0x00007ffb13190000 - 0x00007ffb131d3000 	C:\WINDOWS\SYSTEM32\LOGONCLI.DLL
0x00007ffb130b0000 - 0x00007ffb130bc000 	C:\WINDOWS\SYSTEM32\NETUTILS.DLL
0x00007ffb14610000 - 0x00007ffb14618000 	C:\WINDOWS\System32\NSI.dll
0x00007ffad3050000 - 0x00007ffad306e000 	C:\WINDOWS\LVUAAgentInstBaseRoot\system32\MozartBreathFw.dll
0x00007ffacf740000 - 0x00007ffacf789000 	C:\WINDOWS\LVUAAgentInstBaseRoot\system32\MozartBreathBolo2.dll
0x00007ffad1680000 - 0x00007ffad1692000 	C:\WINDOWS\LVUAAgentInstBaseRoot\system32\MozartBreathProtect.dll
0x00007ffaee000000 - 0x00007ffaee049000 	D:\Java\jdk1.8.0_291\jre\bin\fontmanager.dll
0x00007ffaf2280000 - 0x00007ffaf2293000 	D:\Java\jdk1.8.0_291\jre\bin\nio.dll
0x00007ffae9fa0000 - 0x00007ffae9fe3000 	D:\Java\jdk1.8.0_291\jre\bin\t2k.dll
0x00007ffb14830000 - 0x00007ffb148df000 	C:\WINDOWS\System32\clbcatq.dll
0x00007ffb0ac60000 - 0x00007ffb0ae14000 	C:\WINDOWS\SYSTEM32\WindowsCodecs.dll
0x00007ffb14530000 - 0x00007ffb14557000 	C:\WINDOWS\System32\bcrypt.dll
0x00007ffafcac0000 - 0x00007ffafcafe000 	C:\WINDOWS\system32\dataexchange.dll
0x00007ffb0c0c0000 - 0x00007ffb0c323000 	C:\WINDOWS\system32\d3d11.dll
0x00007ffb0c8f0000 - 0x00007ffb0cad3000 	C:\WINDOWS\system32\dcomp.dll
0x00007ffb124d0000 - 0x00007ffb125c3000 	C:\WINDOWS\system32\dxgi.dll
0x00007ffb0a9b0000 - 0x00007ffb0abb0000 	C:\WINDOWS\system32\twinapi.appcore.dll
0x00007ffae6880000 - 0x00007ffae692c000 	C:\WINDOWS\SYSTEM32\TextShaping.dll
0x00007ffaeb480000 - 0x00007ffaeb579000 	C:\WINDOWS\SYSTEM32\textinputframework.dll
0x00007ffb0d2a0000 - 0x00007ffb0d392000 	C:\WINDOWS\System32\CoreMessaging.dll
0x00007ffb0cae0000 - 0x00007ffb0ce3e000 	C:\WINDOWS\System32\CoreUIComponents.dll
0x00007ffb12d10000 - 0x00007ffb12d43000 	C:\WINDOWS\SYSTEM32\ntmarta.dll
0x00007ffb0bb00000 - 0x00007ffb0bc54000 	C:\WINDOWS\SYSTEM32\wintypes.dll
0x00007ffaf3420000 - 0x00007ffaf34e5000 	C:\WINDOWS\system32\msctfuimanager.dll
0x00007ffa8b9e0000 - 0x00007ffa8bb8e000 	C:\WINDOWS\system32\DUI70.dll
0x00007ffaf3380000 - 0x00007ffaf3415000 	C:\WINDOWS\system32\DUser.dll
0x00007ffaca510000 - 0x00007ffaca805000 	C:\WINDOWS\SYSTEM32\UIAutomationCore.dll
0x00007ffb0b690000 - 0x00007ffb0b786000 	C:\WINDOWS\SYSTEM32\PROPSYS.dll
0x00007ffb13a20000 - 0x00007ffb13ac2000 	C:\WINDOWS\SYSTEM32\sxs.dll
0x00007ffb0a7e0000 - 0x00007ffb0a827000 	C:\WINDOWS\System32\UIAnimation.dll
0x00007ffafa970000 - 0x00007ffafa9d6000 	C:\Windows\System32\oleacc.dll
0x00007ffad3840000 - 0x00007ffad3abf000 	C:\WINDOWS\system32\dwrite.dll
0x00007ffb07520000 - 0x00007ffb07594000 	C:\WINDOWS\SYSTEM32\Wlanapi.dll
0x00007ffb06290000 - 0x00007ffb062cb000 	C:\WINDOWS\SYSTEM32\dxcore.dll
0x00007ffb142f0000 - 0x00007ffb1433e000 	C:\WINDOWS\System32\cfgmgr32.dll
0x00007ffadde50000 - 0x00007ffaddeee000 	C:\WINDOWS\system32\directmanipulation.dll
0x00007ffb0b580000 - 0x00007ffb0b5b6000 	C:\WINDOWS\system32\xmllite.dll
0x00007ffaf9a70000 - 0x00007ffaf9a9a000 	D:\Java\jdk1.8.0_291\jre\bin\dcpr.dll
0x00007ffb062d0000 - 0x00007ffb069c6000 	C:\WINDOWS\SYSTEM32\D3D10Warp.dll
0x00007ffb12160000 - 0x00007ffb12344000 	C:\WINDOWS\SYSTEM32\dbghelp.dll

VM Arguments:
jvm_args: -Dfile.encoding=gbk -javaagent:D:\IntelliJ IDEA\IntelliJ IDEA 2021.1.3\lib\idea_rt.jar=61805:D:\IntelliJ IDEA\IntelliJ IDEA 2021.1.3\bin 
java_command: test
java_class_path (initial): D:\Java\jdk1.8.0_291\jre\lib\charsets.jar;D:\Java\jdk1.8.0_291\jre\lib\deploy.jar;D:\Java\jdk1.8.0_291\jre\lib\ext\access-bridge-64.jar;D:\Java\jdk1.8.0_291\jre\lib\ext\cldrdata.jar;D:\Java\jdk1.8.0_291\jre\lib\ext\dnsns.jar;D:\Java\jdk1.8.0_291\jre\lib\ext\jaccess.jar;D:\Java\jdk1.8.0_291\jre\lib\ext\jfxrt.jar;D:\Java\jdk1.8.0_291\jre\lib\ext\localedata.jar;D:\Java\jdk1.8.0_291\jre\lib\ext\nashorn.jar;D:\Java\jdk1.8.0_291\jre\lib\ext\sunec.jar;D:\Java\jdk1.8.0_291\jre\lib\ext\sunjce_provider.jar;D:\Java\jdk1.8.0_291\jre\lib\ext\sunmscapi.jar;D:\Java\jdk1.8.0_291\jre\lib\ext\sunpkcs11.jar;D:\Java\jdk1.8.0_291\jre\lib\ext\zipfs.jar;D:\Java\jdk1.8.0_291\jre\lib\javaws.jar;D:\Java\jdk1.8.0_291\jre\lib\jce.jar;D:\Java\jdk1.8.0_291\jre\lib\jfr.jar;D:\Java\jdk1.8.0_291\jre\lib\jfxswt.jar;D:\Java\jdk1.8.0_291\jre\lib\jsse.jar;D:\Java\jdk1.8.0_291\jre\lib\management-agent.jar;D:\Java\jdk1.8.0_291\jre\lib\plugin.jar;D:\Java\jdk1.8.0_291\jre\lib\resources.jar;D:\Java\jdk1.8.0_291\jre\lib\rt.jar;D:\Study\Java\WaiKuai\1\out\production\1;C:\Users\WangXin\.m2\repository\com\alibaba\easyexcel\1.0.1\easyexcel-1.0.1.jar;C:\Users\WangXin\Downloads\jxl-2.6.12.jar;D:\IntelliJ IDEA\IntelliJ IDEA 2021.1.3\lib\idea_rt.jar
Launcher Type: SUN_STANDARD

Environment Variables:
JAVA_HOME=D:\Java\jdk1.8.0_291
PATH=E:\Work\VMare\VMare\bin\;C:\Windows\system32;C:\Windows;C:\Windows\System32\Wbem;C:\Windows\System32\WindowsPowerShell\v1.0\;C:\Windows\System32\OpenSSH\;C:\Program Files (x86)\NVIDIA Corporation\PhysX\Common;C:\Program Files\NVIDIA Corporation\NVIDIA NvDLISR;C:\WINDOWS\system32;C:\WINDOWS;C:\WINDOWS\System32\Wbem;C:\WINDOWS\System32\WindowsPowerShell\v1.0\;C:\WINDOWS\System32\OpenSSH\;D:\Python\python;D:\Java\jdk1.8.0_291\bin;E:\Work\VMare\VMare\bin\;C:\Windows\system32;C:\Windows;C:\Windows\System32\Wbem;C:\Windows\System32\WindowsPowerShell\v1.0\;C:\Windows\System32\OpenSSH\;C:\Program Files (x86)\NVIDIA Corporation\PhysX\Common;C:\Program Files\NVIDIA Corporation\NVIDIA NvDLISR;C:\WINDOWS\system32;C:\WINDOWS;C:\WINDOWS\System32\Wbem;C:\WINDOWS\System32\WindowsPowerShell\v1.0\;C:\WINDOWS\System32\OpenSSH\;D:\Python\python;D:\Java\jdk1.8.0_291\bin;%path%;D:\Git\Git\bin;D:\Hive\apache-hive-2.3.9-bin\bin;C:\Program Files\dotnet\;D:\Work\亚信\software\SVN\TortoiseSVN\bin;D:\Node.js\;D:\Work\ShuHai\software\apache-maven-3.8.6\bin;C:\Program Files\MySQL\MySQL Server 8.0\bin;C:\Program Files\MySQL\MySQL Shell 8.0\bin\;C:\Users\WangXin\AppData\Local\Microsoft\WindowsApps;C:\Users\WangXin\AppData\Roaming\npm;D:\Git\Git\bin;D:\Hive\apache-hive-2.3.9-bin\bin;C:\Program Files\dotnet\;D:\Work\亚信\software\SVN\TortoiseSVN\bin;D:\Node.js\;D:\Work\ShuHai\software\apache-maven-3.8.6\bin;C:\Program Files\MySQL\MySQL Server 8.0\bin;C:\Program Files\MySQL\MySQL Shell 8.0\bin\;C:\Users\WangXin\AppData\Local\Microsoft\WindowsApps;C:\Users\WangXin\AppData\Roaming\npm
USERNAME=WangXin
OS=Windows_NT
PROCESSOR_IDENTIFIER=Intel64 Family 6 Model 141 Stepping 1, GenuineIntel



---------------  S Y S T E M  ---------------

OS: Windows 10.0 , 64 bit Build 19041 (10.0.19041.2251)

CPU:total 16 (initial active 16) (8 cores per cpu, 2 threads per core) family 6 model 141 stepping 1, cmov, cx8, fxsr, mmx, sse, sse2, sse3, ssse3, sse4.1, sse4.2, popcnt, avx, avx2, aes, clmul, erms, 3dnowpref, lzcnt, ht, tsc, tscinvbit, bmi1, bmi2, adx

Memory: 4k page, physical 16513828k(5006572k free), swap 41679652k(23454588k free)

vm_info: Java HotSpot(TM) 64-Bit Server VM (25.291-b10) for windows-amd64 JRE (1.8.0_291-b10), built on Apr  9 2021 00:02:00 by "java_re" with MS VC++ 15.9 (VS2017)

time: Sun Dec 11 13:57:42 2022
timezone: 中国标准时间
elapsed time: 351.158076 seconds (0d 0h 5m 51s)

